2023-04-27 14:49:17,539 [Worker-1: Loading available Gradle versions] INFO  o.e.b.c.i.u.g.PublishedGradleVersions - Gradle version information cache is up-to-date. Trying to read.
2023-04-27 14:49:23,592 [Worker-6: Deferred Early Start] INFO  o.a.h.c.h.i.c.HttpRequestRetryExec - Recoverable I/O exception (java.net.SocketException) caught when processing request to {s}->https://www.eclipse.org:443
2023-04-27 15:50:50,011 [Worker-25: https://download.eclipse.org/eclipse/updates/4.24/p2.index] INFO  o.a.h.c.h.i.c.HttpRequestRetryExec - Recoverable I/O exception (java.net.SocketException) caught when processing request to {s}->https://download.eclipse.org:443
2023-04-27 15:50:50,836 [Worker-31: https://download.eclipse.org/technology/epp/packages/2023-03/202303091200/content.jar] INFO  o.a.h.c.h.i.c.HttpRequestRetryExec - Recoverable I/O exception (java.net.SocketException) caught when processing request to {s}->https://download.eclipse.org:443
2023-04-27 15:50:50,856 [Worker-24: https://download.eclipse.org/eclipse/updates/4.24/p2.index] INFO  o.a.h.c.h.i.c.HttpRequestRetryExec - Recoverable I/O exception (java.net.SocketException) caught when processing request to {s}->https://download.eclipse.org:443
2023-04-27 15:50:52,201 [Worker-28: https://download.eclipse.org/technology/epp/packages/2023-03/202303091200/compositeContent.xml] INFO  o.a.h.c.h.i.c.HttpRequestRetryExec - Recoverable I/O exception (java.net.SocketException) caught when processing request to {s}->https://download.eclipse.org:443
2023-04-27 15:50:52,481 [Worker-31: https://download.eclipse.org/eclipse/updates/4.24/categories/content.jar] INFO  o.a.h.c.h.i.c.HttpRequestRetryExec - Recoverable I/O exception (java.net.SocketException) caught when processing request to {s}->https://download.eclipse.org:443
2023-04-27 15:50:53,535 [Worker-28: https://download.eclipse.org/technology/epp/packages/2023-03/202303091200/site.xml] INFO  o.a.h.c.h.i.c.HttpRequestRetryExec - Recoverable I/O exception (java.net.SocketException) caught when processing request to {s}->https://download.eclipse.org:443
2023-04-27 15:50:53,723 [Worker-26: https://download.eclipse.org/eclipse/updates/4.24/categories/content.jar] INFO  o.a.h.c.h.i.c.HttpRequestRetryExec - Recoverable I/O exception (java.net.SocketException) caught when processing request to {s}->https://download.eclipse.org:443
2023-04-27 15:50:54,632 [Worker-28: https://download.eclipse.org/eclipse/updates/4.24/categories/content.jar] INFO  o.a.h.c.h.i.c.HttpRequestRetryExec - Recoverable I/O exception (java.net.SocketException) caught when processing request to {s}->https://download.eclipse.org:443
2023-04-27 15:50:56,759 [Worker-28: https://download.eclipse.org/releases/2022-06/compositeContent.jar] INFO  o.a.h.c.h.i.c.HttpRequestRetryExec - Recoverable I/O exception (java.net.SocketException) caught when processing request to {s}->https://download.eclipse.org:443
2023-04-27 15:50:57,012 [Worker-32: https://download.eclipse.org/technology/epp/packages/2022-06/202206091200/content.jar] INFO  o.a.h.c.h.i.c.HttpRequestRetryExec - Recoverable I/O exception (java.net.SocketException) caught when processing request to {s}->https://download.eclipse.org:443
2023-04-27 15:50:58,405 [Worker-30: https://download.eclipse.org/technology/epp/packages/2022-06/content.xml.xz] INFO  o.a.h.c.h.i.c.HttpRequestRetryExec - Recoverable I/O exception (java.net.SocketException) caught when processing request to {s}->https://download.eclipse.org:443
2023-04-27 15:51:00,389 [Worker-24: https://download.eclipse.org/technology/epp/packages/2022-06/202206091200/content.xml] INFO  o.a.h.c.h.i.c.HttpRequestRetryExec - Recoverable I/O exception (java.net.SocketException) caught when processing request to {s}->https://download.eclipse.org:443
2023-04-27 15:51:04,024 [Worker-30: https://download.eclipse.org/technology/epp/packages/2022-06/202206091200/content.xml.xz] INFO  o.a.h.c.h.i.c.HttpRequestRetryExec - Recoverable I/O exception (java.net.SocketException) caught when processing request to {s}->https://download.eclipse.org:443
2023-04-27 15:51:08,668 [Worker-31: https://download.eclipse.org/oomph/updates/milestone/latest/compositeContent.jar] INFO  o.a.h.c.h.i.c.HttpRequestRetryExec - Recoverable I/O exception (java.net.SocketException) caught when processing request to {s}->https://download.eclipse.org:443
2023-04-27 15:51:43,996 [Worker-28: https://download.eclipse.org/releases/latest/compositeArtifacts.jar] INFO  o.a.h.c.h.i.c.HttpRequestRetryExec - Recoverable I/O exception (java.net.SocketException) caught when processing request to {s}->https://download.eclipse.org:443
2023-04-27 15:51:45,471 [Worker-30: https://download.eclipse.org/technology/epp/packages/2023-03/compositeArtifacts.xml] INFO  o.a.h.c.h.i.c.HttpRequestRetryExec - Recoverable I/O exception (java.net.SocketException) caught when processing request to {s}->https://download.eclipse.org:443
2023-04-27 15:51:46,474 [Worker-28: https://download.eclipse.org/eclipse/updates/4.24/compositeArtifacts.jar] INFO  o.a.h.c.h.i.c.HttpRequestRetryExec - Recoverable I/O exception (java.net.SocketException) caught when processing request to {s}->https://download.eclipse.org:443
2023-04-27 15:51:50,670 [Worker-30: https://download.eclipse.org/technology/epp/packages/2023-03/202303091200/artifacts.jar] INFO  o.a.h.c.h.i.c.HttpRequestRetryExec - Recoverable I/O exception (java.net.SocketException) caught when processing request to {s}->https://download.eclipse.org:443
2023-04-27 15:51:51,859 [Worker-29: https://download.eclipse.org/technology/epp/packages/2022-06/artifacts.jar] INFO  o.a.h.c.h.i.c.HttpRequestRetryExec - Recoverable I/O exception (java.net.SocketException) caught when processing request to {s}->https://download.eclipse.org:443
2023-04-27 15:51:57,606 [Worker-35: https://www.eclipse.org/downloads/download.php?format=xml&file=/releases/2022-06/202206151000&countryCode=co&timeZone=-5&format=xml] INFO  o.a.h.c.h.i.c.HttpRequestRetryExec - Recoverable I/O exception (java.net.SocketException) caught when processing request to {s}->https://www.eclipse.org:443
2023-04-27 15:51:58,672 [Worker-38: https://download.eclipse.org/releases/2022-06/202206151000/plugins/org.eclipse.pde.api.tools_1.2.900.v20220423-1025.jar] INFO  o.a.h.c.h.i.c.HttpRequestRetryExec - Recoverable I/O exception (java.net.SocketException) caught when processing request to {s}->https://download.eclipse.org:443
2023-04-27 15:51:58,818 [Worker-37: https://download.eclipse.org/releases/2022-06/202206151000/plugins/org.eclipse.pde.api.tools.annotations_1.1.400.v20190929-1236.jar] INFO  o.a.h.c.h.i.c.HttpRequestRetryExec - Recoverable I/O exception (java.net.SocketException) caught when processing request to {s}->https://download.eclipse.org:443
2023-04-27 15:51:58,818 [Worker-39: https://download.eclipse.org/releases/2022-06/202206151000/plugins/org.eclipse.pde.core_3.15.200.v20220527-1237.jar] INFO  o.a.h.c.h.i.c.HttpRequestRetryExec - Recoverable I/O exception (java.net.SocketException) caught when processing request to {s}->https://download.eclipse.org:443
2023-04-27 15:51:58,818 [Worker-41: https://download.eclipse.org/releases/2022-06/202206151000/plugins/org.eclipse.pde.build_3.11.200.v20220503-0921.jar] INFO  o.a.h.c.h.i.c.HttpRequestRetryExec - Recoverable I/O exception (java.net.SocketException) caught when processing request to {s}->https://download.eclipse.org:443
2023-04-27 15:51:58,818 [Worker-44: https://download.eclipse.org/releases/2022-06/202206151000/features/org.eclipse.pde_3.14.1200.v20220607-0700.jar] INFO  o.a.h.c.h.i.c.HttpRequestRetryExec - Recoverable I/O exception (java.net.SocketException) caught when processing request to {s}->https://download.eclipse.org:443
2023-04-27 15:51:59,123 [Worker-52: https://download.eclipse.org/releases/2022-06/202206151000/plugins/org.eclipse.pde.api.tools_1.2.900.v20220423-1025.jar] INFO  o.a.h.c.h.i.c.HttpRequestRetryExec - Recoverable I/O exception (java.net.SocketException) caught when processing request to {s}->https://download.eclipse.org:443
2023-04-27 15:51:59,164 [Worker-54: https://download.eclipse.org/releases/2022-06/202206151000/plugins/org.eclipse.pde.api.tools.annotations_1.1.400.v20190929-1236.jar] INFO  o.a.h.c.h.i.c.HttpRequestRetryExec - Recoverable I/O exception (java.net.SocketException) caught when processing request to {s}->https://download.eclipse.org:443
2023-04-27 15:51:59,682 [Worker-42: https://download.eclipse.org/stats/releases/2022-06/org.eclipse.pde.feature.jar/3.14.1200.v20220607-0700] INFO  o.a.h.c.h.i.c.HttpRequestRetryExec - Recoverable I/O exception (java.net.SocketException) caught when processing request to {s}->https://download.eclipse.org:443
2023-04-27 15:52:01,946 [Worker-43: https://www.ftp.saix.net/Eclipse//releases/2022-06/202206151000/plugins/org.eclipse.pde.ds.lib_1.1.500.v20210209-1250.jar] INFO  o.a.h.c.h.i.c.HttpRequestRetryExec - Recoverable I/O exception (java.net.SocketException) caught when processing request to {s}->https://www.ftp.saix.net:443
2023-04-27 15:52:03,131 [Worker-45: https://download.eclipse.org/stats/releases/2022-06/org.eclipse.pde/3.13.1900.v20220607-0700] INFO  o.a.h.c.h.i.c.HttpRequestRetryExec - Recoverable I/O exception (java.net.SocketException) caught when processing request to {s}->https://download.eclipse.org:443
2023-04-27 15:52:04,517 [Worker-46: https://download.eclipse.org/stats/releases/2022-06/org.eclipse.pde.build/3.11.200.v20220503-0921] INFO  o.a.h.c.h.i.c.HttpRequestRetryExec - Recoverable I/O exception (java.net.SocketException) caught when processing request to {s}->https://download.eclipse.org:443
2023-04-27 15:52:06,782 [Worker-35: https://download.eclipse.org/stats/releases/2022-06/org.eclipse.pde.core/3.15.200.v20220527-1237] INFO  o.a.h.c.h.i.c.HttpRequestRetryExec - Recoverable I/O exception (java.net.SocketException) caught when processing request to {s}->https://download.eclipse.org:443
2023-04-27 15:52:18,680 [Worker-52: https://download.eclipse.org/stats/releases/2022-06/org.eclipse.pde.ui/3.13.500.v20220531-1442] INFO  o.a.h.c.h.i.c.HttpRequestRetryExec - Recoverable I/O exception (java.net.SocketException) caught when processing request to {s}->https://download.eclipse.org:443
2023-04-27 15:52:19,606 [Worker-38: https://download.eclipse.org/stats/releases/2022-06/org.eclipse.pde.doc.user/3.14.1600.v20220601-1625] INFO  o.a.h.c.h.i.c.HttpRequestRetryExec - Recoverable I/O exception (java.net.SocketException) caught when processing request to {s}->https://download.eclipse.org:443
2023-04-27 15:52:56,336 [Worker-43: https://download.eclipse.org/stats/releases/2022-06/org.eclipse.pde.spy.event/1.0.0.v20220513-0804] INFO  o.a.h.c.h.i.c.HttpRequestRetryExec - Recoverable I/O exception (java.net.SocketException) caught when processing request to {s}->https://download.eclipse.org:443
2023-04-27 15:53:26,736 [Worker-1: Loading available Gradle versions] INFO  o.e.b.c.i.u.g.PublishedGradleVersions - Gradle version information cache is up-to-date. Trying to read.
2023-04-29 13:05:35,811 [Worker-5: Loading available Gradle versions] INFO  o.e.b.c.i.u.g.PublishedGradleVersions - Gradle version information cache is up-to-date. Trying to read.
